<?xml version="1.0" encoding="UTF-8"?>
<testng-results skipped="0" failed="0" ignored="0" total="1" passed="1">
  <reporter-output>
  </reporter-output>
  <suite name="Default suite" duration-ms="10341" started-at="2019-06-03T07:11:24Z" finished-at="2019-06-03T07:11:34Z">
    <groups>
    </groups>
    <test name="Default test" duration-ms="10341" started-at="2019-06-03T07:11:24Z" finished-at="2019-06-03T07:11:34Z">
      <class name="PageObjModel.withpg_testscript">
        <test-method status="PASS" signature="f()[pri:0, instance:PageObjModel.withpg_testscript@4c70fda8]" name="f" duration-ms="10302" started-at="2019-06-03T07:11:24Z" finished-at="2019-06-03T07:11:34Z">
          <reporter-output>
          </reporter-output>
        </test-method> <!-- f -->
      </class> <!-- PageObjModel.withpg_testscript -->
    </test> <!-- Default test -->
  </suite> <!-- Default suite -->
</testng-results>
